<?xml version="1.0" encoding="UTF-8"?>

<mule xmlns="http://www.mulesoft.org/schema/mule/core" xmlns:sfdc="http://www.mulesoft.org/schema/mule/sfdc" xmlns:doc="http://www.mulesoft.org/schema/mule/documentation" xmlns:spring="http://www.springframework.org/schema/beans" 
version="EE-3.7.1" xmlns:xsi="http://www.w3.org/2001/XMLSchema-instance" xsi:schemaLocation="http://www.mulesoft.org/schema/mule/sfdc http://www.mulesoft.org/schema/mule/sfdc/current/mule-sfdc.xsd
http://www.springframework.org/schema/beans http://www.springframework.org/schema/beans/spring-beans-current.xsd
http://www.mulesoft.org/schema/mule/core http://www.mulesoft.org/schema/mule/core/current/mule.xsd">
    <sub-flow name="createOpportunityInAFlow" >
        <sfdc:create config-ref="SalesforceA" type="Opportunity" doc:name="Salesforce">
            <sfdc:objects ref="#[payload]"/>
        </sfdc:create>
    </sub-flow>
    <sub-flow name="createOpportunityInBFlow" >
        <sfdc:create config-ref="SalesforceB" type="Opportunity" doc:name="Salesforce">
            <sfdc:objects ref="#[payload]"/>
        </sfdc:create>
    </sub-flow>
    
    <sub-flow name="deleteOpportunityFromAFlow" >
        <sfdc:delete config-ref="SalesforceA" doc:name="Salesforce">
            <sfdc:ids ref="#[payload]"/>
        </sfdc:delete>
    </sub-flow>
    <sub-flow name="deleteOpportunityFromBFlow" >
        <sfdc:delete config-ref="SalesforceB" doc:name="Salesforce">
            <sfdc:ids ref="#[payload]"/>
        </sfdc:delete>
    </sub-flow>
</mule>
